<?xml version="1.0" encoding="UTF-8"?>
<!-- Generated by org.testng.reporters.JUnitXMLReporter -->
<testsuite ignored="0" hostname="LAPTOP-MA0DJJS4" failures="0" tests="5" name="Test" time="33.807" errors="0" timestamp="2022-08-13T22:51:36 BST">
  <testcase classname="tests.LoginTestwithSuiteParams" name="runMethod" time="8.019"/>
  <testcase classname="tests.LoginTestwithSuiteParams" name="runMethod" time="6.368"/>
  <testcase classname="tests.LoginTestwithSuiteParams" name="runMethod" time="6.566"/>
  <testcase classname="tests.LoginTestwithSuiteParams" name="runMethod" time="6.392"/>
  <testcase classname="tests.LoginTestwithSuiteParams" name="runMethod" time="6.405"/>
</testsuite> <!-- Test -->
